<?xml version="1.0" encoding="UTF-8"?>
<coverage generated="1615214811737" clover="3.2.0">
  <project timestamp="1615214811737" name="All files">
    <metrics statements="17" coveredstatements="17" conditionals="16" coveredconditionals="12" methods="4" coveredmethods="4" elements="37" coveredelements="33" complexity="0" loc="17" ncloc="17" packages="1" files="3" classes="3"/>
    <file name="Todo.svelte" path="/home/parhan/Documents/programming/my-project/svelte/testing-in-svelte/src/components/Todo.svelte">
      <metrics statements="12" coveredstatements="12" conditionals="10" coveredconditionals="8" methods="2" coveredmethods="2"/>
      <line num="2" count="7" type="stmt"/>
      <line num="3" count="7" type="stmt"/>
      <line num="6" count="13" type="stmt"/>
      <line num="7" count="13" type="stmt"/>
      <line num="11" count="22" type="stmt"/>
      <line num="15" count="1" type="stmt"/>
      <line num="22" count="28" type="cond" truecount="3" falsecount="1"/>
      <line num="26" count="28" type="stmt"/>
      <line num="27" count="7" type="cond" truecount="2" falsecount="0"/>
      <line num="35" count="28" type="stmt"/>
      <line num="37" count="53" type="cond" truecount="3" falsecount="1"/>
      <line num="38" count="14" type="stmt"/>
    </file>
    <file name="Toggle.svelte" path="/home/parhan/Documents/programming/my-project/svelte/testing-in-svelte/src/components/Toggle.svelte">
      <metrics statements="2" coveredstatements="2" conditionals="2" coveredconditionals="1" methods="1" coveredmethods="1"/>
      <line num="2" count="1" type="stmt"/>
      <line num="5" count="5" type="cond" truecount="1" falsecount="1"/>
    </file>
    <file name="ToggleCompoonent.svelte" path="/home/parhan/Documents/programming/my-project/svelte/testing-in-svelte/src/components/ToggleCompoonent.svelte">
      <metrics statements="3" coveredstatements="3" conditionals="4" coveredconditionals="3" methods="1" coveredmethods="1"/>
      <line num="2" count="2" type="stmt"/>
      <line num="5" count="2" type="cond" truecount="2" falsecount="0"/>
      <line num="17" count="6" type="cond" truecount="1" falsecount="1"/>
    </file>
  </project>
</coverage>
