{"/home/parhan/Documents/programming/my-project/svelte/testing-in-svelte/src/components/Todo.svelte": {"path":"/home/parhan/Documents/programming/my-project/svelte/testing-in-svelte/src/components/Todo.svelte","statementMap":{"0":{"start":{"line":37,"column":16},"end":{"line":37,"column":null}},"1":{"start":{"line":37,"column":25},"end":{"line":37,"column":null}},"2":{"start":{"line":22,"column":16},"end":{"line":22,"column":null}},"3":{"start":{"line":35,"column":13},"end":{"line":35,"column":null}},"4":{"start":{"line":35,"column":8},"end":{"line":35,"column":12}},"5":{"start":{"line":27,"column":16},"end":{"line":27,"column":null}},"6":{"start":{"line":26,"column":22},"end":{"line":26,"column":null}},"7":{"start":{"line":22,"column":28},"end":{"line":22,"column":null}},"8":{"start":{"line":35,"column":8},"end":{"line":35,"column":13}},"9":{"start":{"line":2,"column":12},"end":{"line":2,"column":null}},"10":{"start":{"line":3,"column":15},"end":{"line":3,"column":17}},"11":{"start":{"line":6,"column":6},"end":{"line":6,"column":null}},"12":{"start":{"line":7,"column":6},"end":{"line":7,"column":null}},"13":{"start":{"line":11,"column":6},"end":{"line":11,"column":null}},"14":{"start":{"line":11,"column":37},"end":{"line":11,"column":51}},"15":{"start":{"line":15,"column":6},"end":{"line":15,"column":null}},"16":{"start":{"line":38,"column":34},"end":{"line":38,"column":null}}},"fnMap":{"0":{"name":"(anonymous_17)","decl":{"start":{"line":11,"column":28},"end":{"line":11,"column":32}},"loc":{"start":{"line":11,"column":37},"end":{"line":11,"column":51}}},"1":{"name":"(anonymous_21)","decl":{"start":{"line":38,"column":34},"end":{"line":38,"column":44}},"loc":{"start":{"line":38,"column":34},"end":{"line":38,"column":null}}}},"branchMap":{"0":{"loc":{"start":{"line":37,"column":16},"end":{"line":37,"column":null}},"type":"if","locations":[{"start":{"line":37,"column":16},"end":{"line":37,"column":null}},{"start":{"line":37,"column":16},"end":{"line":37,"column":null}}]},"1":{"loc":{"start":{"line":37,"column":16},"end":{"line":37,"column":20}},"type":"binary-expr","locations":[{"start":{"line":37,"column":16},"end":{"line":37,"column":20}},{"start":{"line":37,"column":16},"end":{"line":37,"column":null}}]},"2":{"loc":{"start":{"line":22,"column":16},"end":{"line":22,"column":null}},"type":"if","locations":[{"start":{"line":22,"column":16},"end":{"line":22,"column":null}},{"start":{"line":22,"column":16},"end":{"line":22,"column":null}}]},"3":{"loc":{"start":{"line":22,"column":16},"end":{"line":22,"column":21}},"type":"binary-expr","locations":[{"start":{"line":22,"column":16},"end":{"line":22,"column":21}},{"start":{"line":22,"column":16},"end":{"line":22,"column":null}}]},"4":{"loc":{"start":{"line":27,"column":16},"end":{"line":27,"column":21}},"type":"binary-expr","locations":[{"start":{"line":27,"column":16},"end":{"line":27,"column":21}},{"start":{"line":27,"column":16},"end":{"line":27,"column":null}}]}},"s":{"0":53,"1":0,"2":28,"3":28,"4":7,"5":7,"6":28,"7":21,"8":21,"9":7,"10":7,"11":13,"12":13,"13":7,"14":22,"15":1,"16":14},"f":{"0":22,"1":7},"b":{"0":[0,40],"1":[40,40],"2":[21,0],"3":[21,21],"4":[21,21]}}
,"/home/parhan/Documents/programming/my-project/svelte/testing-in-svelte/src/components/Toggle.svelte": {"path":"/home/parhan/Documents/programming/my-project/svelte/testing-in-svelte/src/components/Toggle.svelte","statementMap":{"0":{"start":{"line":5,"column":45},"end":{"line":5,"column":null}},"1":{"start":{"line":2,"column":16},"end":{"line":2,"column":21}},"2":{"start":{"line":5,"column":25},"end":{"line":5,"column":45}}},"fnMap":{"0":{"name":"(anonymous_9)","decl":{"start":{"line":5,"column":25},"end":{"line":5,"column":31}},"loc":{"start":{"line":5,"column":25},"end":{"line":5,"column":45}}}},"branchMap":{"0":{"loc":{"start":{"line":5,"column":45},"end":{"line":5,"column":null}},"type":"if","locations":[{"start":{"line":5,"column":45},"end":{"line":5,"column":null}},{"start":{"line":5,"column":45},"end":{"line":5,"column":null}}]}},"s":{"0":5,"1":1,"2":3},"f":{"0":2},"b":{"0":[2,0]}}
,"/home/parhan/Documents/programming/my-project/svelte/testing-in-svelte/src/components/ToggleCompoonent.svelte": {"path":"/home/parhan/Documents/programming/my-project/svelte/testing-in-svelte/src/components/ToggleCompoonent.svelte","statementMap":{"0":{"start":{"line":5,"column":5},"end":{"line":5,"column":null}},"1":{"start":{"line":17,"column":57},"end":{"line":17,"column":null}},"2":{"start":{"line":2,"column":16},"end":{"line":2,"column":21}},"3":{"start":{"line":17,"column":37},"end":{"line":17,"column":57}}},"fnMap":{"0":{"name":"(anonymous_13)","decl":{"start":{"line":17,"column":37},"end":{"line":17,"column":43}},"loc":{"start":{"line":17,"column":37},"end":{"line":17,"column":57}}}},"branchMap":{"0":{"loc":{"start":{"line":5,"column":5},"end":{"line":5,"column":21}},"type":"binary-expr","locations":[{"start":{"line":5,"column":5},"end":{"line":5,"column":21}},{"start":{"line":5,"column":21},"end":{"line":5,"column":null}}]},"1":{"loc":{"start":{"line":17,"column":57},"end":{"line":17,"column":null}},"type":"if","locations":[{"start":{"line":17,"column":57},"end":{"line":17,"column":null}},{"start":{"line":17,"column":57},"end":{"line":17,"column":null}}]}},"s":{"0":2,"1":6,"2":2,"3":4},"f":{"0":2},"b":{"0":[2,2],"1":[2,0]}}
}
