TN:
SF:src/components/Todo.svelte
FN:11,(anonymous_17)
FN:38,(anonymous_21)
FNF:2
FNH:2
FNDA:22,(anonymous_17)
FNDA:7,(anonymous_21)
DA:2,7
DA:3,7
DA:6,13
DA:7,13
DA:11,22
DA:15,1
DA:22,28
DA:26,28
DA:27,7
DA:35,28
DA:37,53
DA:38,14
LF:12
LH:12
BRDA:37,0,0,0
BRDA:37,0,1,40
BRDA:37,1,0,40
BRDA:37,1,1,40
BRDA:22,2,0,21
BRDA:22,2,1,0
BRDA:22,3,0,21
BRDA:22,3,1,21
BRDA:27,4,0,21
BRDA:27,4,1,21
BRF:10
BRH:8
end_of_record
TN:
SF:src/components/Toggle.svelte
FN:5,(anonymous_9)
FNF:1
FNH:1
FNDA:2,(anonymous_9)
DA:2,1
DA:5,5
LF:2
LH:2
BRDA:5,0,0,2
BRDA:5,0,1,0
BRF:2
BRH:1
end_of_record
TN:
SF:src/components/ToggleCompoonent.svelte
FN:17,(anonymous_13)
FNF:1
FNH:1
FNDA:2,(anonymous_13)
DA:2,2
DA:5,2
DA:17,6
LF:3
LH:3
BRDA:5,0,0,2
BRDA:5,0,1,2
BRDA:17,1,0,2
BRDA:17,1,1,0
BRF:4
BRH:3
end_of_record
